<?xml version="1.0" encoding="UTF-8"?>
<testng-results ignored="0" total="4" passed="4" failed="0" skipped="0">
  <reporter-output>
  </reporter-output>
  <suite started-at="2022-11-04T12:30:24 IST" name="Default suite" finished-at="2022-11-04T12:30:31 IST" duration-ms="6987">
    <groups>
      <group name="cucumber">
        <method signature="AbstractTestNGCucumberTests.runScenario(io.cucumber.testng.PickleWrapper, io.cucumber.testng.FeatureWrapper)[pri:0, instance:runners.TestAllRunners@6a370f4]" name="runScenario" class="io.cucumber.testng.AbstractTestNGCucumberTests"/>
      </group> <!-- cucumber -->
    </groups>
    <test started-at="2022-11-04T12:30:24 IST" name="Default test" finished-at="2022-11-04T12:30:31 IST" duration-ms="6987">
      <class name="runners.TestAllRunners">
        <test-method is-config="true" signature="setUpClass()[pri:0, instance:runners.TestAllRunners@6a370f4]" started-at="2022-11-04T12:30:24 IST" name="setUpClass" finished-at="2022-11-04T12:30:24 IST" duration-ms="510" status="PASS">
          <reporter-output>
          </reporter-output>
        </test-method> <!-- setUpClass -->
        <test-method signature="runScenario(io.cucumber.testng.PickleWrapper, io.cucumber.testng.FeatureWrapper)[pri:0, instance:runners.TestAllRunners@6a370f4]" started-at="2022-11-04T12:30:24 IST" name="runScenario" description="Runs Cucumber Scenarios" data-provider="scenarios" finished-at="2022-11-04T12:30:29 IST" duration-ms="5097" status="PASS">
          <params>
            <param index="0">
              <value>
                <![CDATA["user wants to retrive the data from database"]]>
              </value>
            </param>
            <param index="1">
              <value>
                <![CDATA["Optional[user is able to fetch all the data from database]"]]>
              </value>
            </param>
          </params>
          <reporter-output>
          </reporter-output>
        </test-method> <!-- runScenario -->
        <test-method signature="runScenario(io.cucumber.testng.PickleWrapper, io.cucumber.testng.FeatureWrapper)[pri:0, instance:runners.TestAllRunners@6a370f4]" started-at="2022-11-04T12:30:29 IST" name="runScenario" description="Runs Cucumber Scenarios" data-provider="scenarios" finished-at="2022-11-04T12:30:30 IST" duration-ms="132" status="PASS">
          <params>
            <param index="0">
              <value>
                <![CDATA["user wants to get the data from database by using database"]]>
              </value>
            </param>
            <param index="1">
              <value>
                <![CDATA["Optional[user is able to get the data by using id]"]]>
              </value>
            </param>
          </params>
          <reporter-output>
          </reporter-output>
        </test-method> <!-- runScenario -->
        <test-method signature="runScenario(io.cucumber.testng.PickleWrapper, io.cucumber.testng.FeatureWrapper)[pri:0, instance:runners.TestAllRunners@6a370f4]" started-at="2022-11-04T12:30:30 IST" name="runScenario" description="Runs Cucumber Scenarios" data-provider="scenarios" finished-at="2022-11-04T12:30:31 IST" duration-ms="1001" status="PASS">
          <params>
            <param index="0">
              <value>
                <![CDATA["user is able to post the data in the database"]]>
              </value>
            </param>
            <param index="1">
              <value>
                <![CDATA["Optional[user is able to post the data in the database]"]]>
              </value>
            </param>
          </params>
          <reporter-output>
          </reporter-output>
        </test-method> <!-- runScenario -->
        <test-method signature="runScenario(io.cucumber.testng.PickleWrapper, io.cucumber.testng.FeatureWrapper)[pri:0, instance:runners.TestAllRunners@6a370f4]" started-at="2022-11-04T12:30:31 IST" name="runScenario" description="Runs Cucumber Scenarios" data-provider="scenarios" finished-at="2022-11-04T12:30:31 IST" duration-ms="95" status="PASS">
          <params>
            <param index="0">
              <value>
                <![CDATA["user wants to put the data"]]>
              </value>
            </param>
            <param index="1">
              <value>
                <![CDATA["Optional[user is able to update the data in the database]"]]>
              </value>
            </param>
          </params>
          <reporter-output>
          </reporter-output>
        </test-method> <!-- runScenario -->
        <test-method is-config="true" signature="tearDownClass()[pri:0, instance:runners.TestAllRunners@6a370f4]" started-at="2022-11-04T12:30:31 IST" name="tearDownClass" finished-at="2022-11-04T12:30:31 IST" duration-ms="34" status="PASS">
          <reporter-output>
          </reporter-output>
        </test-method> <!-- tearDownClass -->
      </class> <!-- runners.TestAllRunners -->
    </test> <!-- Default test -->
  </suite> <!-- Default suite -->
</testng-results>
